2025-09-26 13:39:19,062 DEBUG    root            Loaded Command Group: ['gcloud', 'components']
2025-09-26 13:39:19,094 DEBUG    root            Loaded Command Group: ['gcloud', 'components', 'update']
2025-09-26 13:39:19,096 DEBUG    root            Running [gcloud.components.update] with arguments: [--quiet: "True", COMPONENT-IDS:8: "['gcloud', 'core', 'bq', 'gsutil', 'compute', 'preview', 'alpha', 'beta']"]
2025-09-26 13:39:19,097 INFO     ___FILE_ONLY___ Beginning update. This process may take several minutes.

2025-09-26 13:39:19,105 DEBUG    urllib3.connectionpool Starting new HTTPS connection (1): dl.google.com:443
2025-09-26 13:39:20,203 DEBUG    urllib3.connectionpool https://dl.google.com:443 "GET /dl/cloudsdk/channels/rapid/components-2.json HTTP/11" 200 233149
2025-09-26 13:39:20,215 WARNING  root            Component [compute] no longer exists.
2025-09-26 13:39:20,216 INFO     ___FILE_ONLY___ 

2025-09-26 13:39:20,216 INFO     ___FILE_ONLY___ 
Your current Google Cloud CLI version is: 540.0.0

2025-09-26 13:39:20,216 INFO     ___FILE_ONLY___ Installing components from version: 540.0.0

2025-09-26 13:39:20,216 INFO     ___FILE_ONLY___ 

2025-09-26 13:39:20,217 DEBUG    root            Chosen display Format:table[box,title="These components will be removed."](details.display_name:label=Name:align=left,version.version_string:label=Version:align=right,data.size.size(zero="",min=1048576):label=Size:align=right)
2025-09-26 13:39:20,217 DEBUG    root            Chosen display Format:table[box,title="These components will be updated."](details.display_name:label=Name:align=left,version.version_string:label=Version:align=right,data.size.size(zero="",min=1048576):label=Size:align=right)
2025-09-26 13:39:20,218 DEBUG    root            Chosen display Format:table[box,title="These components will be installed."](details.display_name:label=Name:align=left,version.version_string:label=Version:align=right,data.size.size(zero="",min=1048576):label=Size:align=right)
2025-09-26 13:39:20,233 INFO     ___FILE_ONLY___ ┌────────────────────────────────────────────────┐
2025-09-26 13:39:20,233 INFO     ___FILE_ONLY___ 

2025-09-26 13:39:20,234 INFO     ___FILE_ONLY___ │      These components will be installed.       │
2025-09-26 13:39:20,234 INFO     ___FILE_ONLY___ 

2025-09-26 13:39:20,234 INFO     ___FILE_ONLY___ ├─────────────────────────┬────────────┬─────────┤
2025-09-26 13:39:20,234 INFO     ___FILE_ONLY___ 

2025-09-26 13:39:20,234 INFO     ___FILE_ONLY___ │           Name          │  Version   │   Size  │
2025-09-26 13:39:20,234 INFO     ___FILE_ONLY___ 

2025-09-26 13:39:20,234 INFO     ___FILE_ONLY___ ├─────────────────────────┼────────────┼─────────┤
2025-09-26 13:39:20,234 INFO     ___FILE_ONLY___ 

2025-09-26 13:39:20,234 INFO     ___FILE_ONLY___ │ 
2025-09-26 13:39:20,234 INFO     ___FILE_ONLY___ gcloud Alpha Commands  
2025-09-26 13:39:20,234 INFO     ___FILE_ONLY___  
2025-09-26 13:39:20,234 INFO     ___FILE_ONLY___ │ 
2025-09-26 13:39:20,234 INFO     ___FILE_ONLY___ 2025.09.23
2025-09-26 13:39:20,234 INFO     ___FILE_ONLY___  
2025-09-26 13:39:20,234 INFO     ___FILE_ONLY___ │ 
2025-09-26 13:39:20,234 INFO     ___FILE_ONLY___ < 1 MiB
2025-09-26 13:39:20,234 INFO     ___FILE_ONLY___  
2025-09-26 13:39:20,235 INFO     ___FILE_ONLY___ │
2025-09-26 13:39:20,235 INFO     ___FILE_ONLY___ 

2025-09-26 13:39:20,235 INFO     ___FILE_ONLY___ │ 
2025-09-26 13:39:20,235 INFO     ___FILE_ONLY___ gcloud Beta Commands   
2025-09-26 13:39:20,235 INFO     ___FILE_ONLY___  
2025-09-26 13:39:20,235 INFO     ___FILE_ONLY___ │ 
2025-09-26 13:39:20,235 INFO     ___FILE_ONLY___ 2025.09.23
2025-09-26 13:39:20,235 INFO     ___FILE_ONLY___  
2025-09-26 13:39:20,235 INFO     ___FILE_ONLY___ │ 
2025-09-26 13:39:20,235 INFO     ___FILE_ONLY___ < 1 MiB
2025-09-26 13:39:20,235 INFO     ___FILE_ONLY___  
2025-09-26 13:39:20,235 INFO     ___FILE_ONLY___ │
2025-09-26 13:39:20,235 INFO     ___FILE_ONLY___ 

2025-09-26 13:39:20,235 INFO     ___FILE_ONLY___ │ 
2025-09-26 13:39:20,235 INFO     ___FILE_ONLY___ gcloud Preview Commands
2025-09-26 13:39:20,235 INFO     ___FILE_ONLY___  
2025-09-26 13:39:20,235 INFO     ___FILE_ONLY___ │ 
2025-09-26 13:39:20,235 INFO     ___FILE_ONLY___           
2025-09-26 13:39:20,235 INFO     ___FILE_ONLY___  
2025-09-26 13:39:20,235 INFO     ___FILE_ONLY___ │ 
2025-09-26 13:39:20,235 INFO     ___FILE_ONLY___ < 1 MiB
2025-09-26 13:39:20,236 INFO     ___FILE_ONLY___  
2025-09-26 13:39:20,236 INFO     ___FILE_ONLY___ │
2025-09-26 13:39:20,236 INFO     ___FILE_ONLY___ 

2025-09-26 13:39:20,236 INFO     ___FILE_ONLY___ └─────────────────────────┴────────────┴─────────┘
2025-09-26 13:39:20,236 INFO     ___FILE_ONLY___ 

2025-09-26 13:39:20,236 INFO     ___FILE_ONLY___ 

2025-09-26 13:39:20,239 DEBUG    urllib3.connectionpool Starting new HTTPS connection (1): dl.google.com:443
2025-09-26 13:39:21,278 DEBUG    urllib3.connectionpool https://dl.google.com:443 "GET /dl/cloudsdk/channels/rapid/RELEASE_NOTES HTTP/11" 200 1487839
2025-09-26 13:39:21,779 INFO     ___FILE_ONLY___ For the latest full release notes, please visit:
  https://cloud.google.com/sdk/release_notes


2025-09-26 13:39:21,780 INFO     ___FILE_ONLY___ Performing in place update...


2025-09-26 13:39:21,782 INFO     ___FILE_ONLY___ ╔════════════════════════════════════════════════════════════╗

2025-09-26 13:39:21,782 INFO     ___FILE_ONLY___ ╠═ Downloading: gcloud Alpha Commands                       ═╣

2025-09-26 13:39:21,782 INFO     ___FILE_ONLY___ ╚
2025-09-26 13:39:21,785 DEBUG    urllib3.connectionpool Starting new HTTPS connection (1): dl.google.com:443
2025-09-26 13:39:22,865 DEBUG    urllib3.connectionpool https://dl.google.com:443 "GET /dl/cloudsdk/channels/rapid/components/google-cloud-sdk-alpha-20250923151237.tar.gz HTTP/11" 200 800
2025-09-26 13:39:22,866 INFO     ___FILE_ONLY___ ════════════════════════════════════════════════════════════
2025-09-26 13:39:22,866 INFO     ___FILE_ONLY___ ╝

2025-09-26 13:39:22,868 INFO     ___FILE_ONLY___ ╔════════════════════════════════════════════════════════════╗

2025-09-26 13:39:22,868 INFO     ___FILE_ONLY___ ╠═ Downloading: gcloud Beta Commands                        ═╣

2025-09-26 13:39:22,868 INFO     ___FILE_ONLY___ ╚
2025-09-26 13:39:22,871 DEBUG    urllib3.connectionpool Starting new HTTPS connection (1): dl.google.com:443
2025-09-26 13:39:23,909 DEBUG    urllib3.connectionpool https://dl.google.com:443 "GET /dl/cloudsdk/channels/rapid/components/google-cloud-sdk-beta-20250923151237.tar.gz HTTP/11" 200 797
2025-09-26 13:39:23,910 INFO     ___FILE_ONLY___ ════════════════════════════════════════════════════════════
2025-09-26 13:39:23,910 INFO     ___FILE_ONLY___ ╝

2025-09-26 13:39:23,912 INFO     ___FILE_ONLY___ ╔════════════════════════════════════════════════════════════╗

2025-09-26 13:39:23,912 INFO     ___FILE_ONLY___ ╠═ Downloading: gcloud Preview Commands                     ═╣

2025-09-26 13:39:23,912 INFO     ___FILE_ONLY___ ╚
2025-09-26 13:39:23,915 DEBUG    urllib3.connectionpool Starting new HTTPS connection (1): dl.google.com:443
2025-09-26 13:39:25,690 DEBUG    urllib3.connectionpool https://dl.google.com:443 "GET /dl/cloudsdk/channels/rapid/components/google-cloud-sdk-preview-20241115154308.tar.gz HTTP/11" 200 823
2025-09-26 13:39:25,691 INFO     ___FILE_ONLY___ ════════════════════════════════════════════════════════════
2025-09-26 13:39:25,691 INFO     ___FILE_ONLY___ ╝

2025-09-26 13:39:25,693 INFO     ___FILE_ONLY___ ╔════════════════════════════════════════════════════════════╗

2025-09-26 13:39:25,693 INFO     ___FILE_ONLY___ ╠═ Installing: gcloud Alpha Commands                        ═╣

2025-09-26 13:39:25,693 INFO     ___FILE_ONLY___ ╚
2025-09-26 13:39:25,694 INFO     ___FILE_ONLY___ ════════════════════════════════════════════════════════════
2025-09-26 13:39:25,694 INFO     ___FILE_ONLY___ ╝

2025-09-26 13:39:25,700 INFO     ___FILE_ONLY___ ╔════════════════════════════════════════════════════════════╗

2025-09-26 13:39:25,700 INFO     ___FILE_ONLY___ ╠═ Installing: gcloud Beta Commands                         ═╣

2025-09-26 13:39:25,700 INFO     ___FILE_ONLY___ ╚
2025-09-26 13:39:25,701 INFO     ___FILE_ONLY___ ════════════════════════════════════════════════════════════
2025-09-26 13:39:25,701 INFO     ___FILE_ONLY___ ╝

2025-09-26 13:39:25,705 INFO     ___FILE_ONLY___ ╔════════════════════════════════════════════════════════════╗

2025-09-26 13:39:25,705 INFO     ___FILE_ONLY___ ╠═ Installing: gcloud Preview Commands                      ═╣

2025-09-26 13:39:25,705 INFO     ___FILE_ONLY___ ╚
2025-09-26 13:39:25,706 INFO     ___FILE_ONLY___ ════════════════════════════════════════════════════════════
2025-09-26 13:39:25,706 INFO     ___FILE_ONLY___ ╝

2025-09-26 13:39:25,711 DEBUG    root            Updating notification cache...
2025-09-26 13:39:25,712 INFO     ___FILE_ONLY___ 

2025-09-26 13:39:25,714 INFO     ___FILE_ONLY___ Performing post processing steps...
2025-09-26 13:39:25,714 DEBUG    root            Executing command: ['/tools/google-cloud-sdk/bin/gcloud', 'components', 'post-process']
2025-09-26 13:39:34,301 DEBUG    ___FILE_ONLY___ 
2025-09-26 13:39:34,302 DEBUG    ___FILE_ONLY___ 
2025-09-26 13:39:34,478 INFO     root            descriptor_list: [{'universeDomain': 'googleapis.com', 'universeShortName': '', 'authenticationDomain': 'auth.cloud.google.com', 'projectPrefix': '', 'cloudWebDomain': 'cloud.google.com', 'documentationDomain': 'cloud.google.com', 'version': '1.0.0', 'state': 'primary', 'artifactRegistryDomain': 'pkg.dev'}]
2025-09-26 13:39:34,479 INFO     ___FILE_ONLY___ 
Update done!


2025-09-26 13:39:34,481 DEBUG    root            Chosen display Format:none
2025-09-26 13:39:34,481 INFO     root            Display format: "none"
