2025-09-26 13:38:48,342 DEBUG    root            Loaded Command Group: ['gcloud', 'components']
2025-09-26 13:38:48,347 DEBUG    root            Loaded Command Group: ['gcloud', 'components', 'update']
2025-09-26 13:38:48,350 DEBUG    root            Running [gcloud.components.update] with arguments: [--compile-python: "True", --quiet: "True", COMPONENT-IDS:6: "['core', 'gcloud-deps', 'bq', 'gcloud', 'gcloud-crc32c', 'gsutil']"]
2025-09-26 13:38:48,351 INFO     ___FILE_ONLY___ Beginning update. This process may take several minutes.

2025-09-26 13:38:48,392 DEBUG    urllib3.connectionpool Starting new HTTPS connection (1): dl.google.com:443
2025-09-26 13:38:50,190 DEBUG    urllib3.connectionpool https://dl.google.com:443 "GET /dl/cloudsdk/channels/rapid/components-2.json HTTP/11" 200 233149
2025-09-26 13:38:50,202 INFO     ___FILE_ONLY___ 

2025-09-26 13:38:50,202 INFO     ___FILE_ONLY___ 
Your current Google Cloud CLI version is: 540.0.0

2025-09-26 13:38:50,203 INFO     ___FILE_ONLY___ Installing components from version: 540.0.0

2025-09-26 13:38:50,203 INFO     ___FILE_ONLY___ 

2025-09-26 13:38:50,203 DEBUG    root            Chosen display Format:table[box,title="These components will be removed."](details.display_name:label=Name:align=left,version.version_string:label=Version:align=right,data.size.size(zero="",min=1048576):label=Size:align=right)
2025-09-26 13:38:50,203 DEBUG    root            Chosen display Format:table[box,title="These components will be updated."](details.display_name:label=Name:align=left,version.version_string:label=Version:align=right,data.size.size(zero="",min=1048576):label=Size:align=right)
2025-09-26 13:38:50,204 DEBUG    root            Chosen display Format:table[box,title="These components will be installed."](details.display_name:label=Name:align=left,version.version_string:label=Version:align=right,data.size.size(zero="",min=1048576):label=Size:align=right)
2025-09-26 13:38:50,246 INFO     ___FILE_ONLY___ ┌─────────────────────────────────────────────────────────────────────────────┐
2025-09-26 13:38:50,247 INFO     ___FILE_ONLY___ 

2025-09-26 13:38:50,247 INFO     ___FILE_ONLY___ │                     These components will be installed.                     │
2025-09-26 13:38:50,247 INFO     ___FILE_ONLY___ 

2025-09-26 13:38:50,247 INFO     ___FILE_ONLY___ ├─────────────────────────────────────────────────────┬────────────┬──────────┤
2025-09-26 13:38:50,247 INFO     ___FILE_ONLY___ 

2025-09-26 13:38:50,247 INFO     ___FILE_ONLY___ │                         Name                        │  Version   │   Size   │
2025-09-26 13:38:50,247 INFO     ___FILE_ONLY___ 

2025-09-26 13:38:50,247 INFO     ___FILE_ONLY___ ├─────────────────────────────────────────────────────┼────────────┼──────────┤
2025-09-26 13:38:50,247 INFO     ___FILE_ONLY___ 

2025-09-26 13:38:50,247 INFO     ___FILE_ONLY___ │ 
2025-09-26 13:38:50,247 INFO     ___FILE_ONLY___ BigQuery Command Line Tool                         
2025-09-26 13:38:50,247 INFO     ___FILE_ONLY___  
2025-09-26 13:38:50,247 INFO     ___FILE_ONLY___ │ 
2025-09-26 13:38:50,247 INFO     ___FILE_ONLY___     2.1.23
2025-09-26 13:38:50,247 INFO     ___FILE_ONLY___  
2025-09-26 13:38:50,247 INFO     ___FILE_ONLY___ │ 
2025-09-26 13:38:50,247 INFO     ___FILE_ONLY___  1.8 MiB
2025-09-26 13:38:50,248 INFO     ___FILE_ONLY___  
2025-09-26 13:38:50,248 INFO     ___FILE_ONLY___ │
2025-09-26 13:38:50,248 INFO     ___FILE_ONLY___ 

2025-09-26 13:38:50,248 INFO     ___FILE_ONLY___ │ 
2025-09-26 13:38:50,248 INFO     ___FILE_ONLY___ BigQuery Command Line Tool (Platform Specific)     
2025-09-26 13:38:50,248 INFO     ___FILE_ONLY___  
2025-09-26 13:38:50,248 INFO     ___FILE_ONLY___ │ 
2025-09-26 13:38:50,248 INFO     ___FILE_ONLY___     2.1.17
2025-09-26 13:38:50,248 INFO     ___FILE_ONLY___  
2025-09-26 13:38:50,248 INFO     ___FILE_ONLY___ │ 
2025-09-26 13:38:50,248 INFO     ___FILE_ONLY___  < 1 MiB
2025-09-26 13:38:50,248 INFO     ___FILE_ONLY___  
2025-09-26 13:38:50,248 INFO     ___FILE_ONLY___ │
2025-09-26 13:38:50,248 INFO     ___FILE_ONLY___ 

2025-09-26 13:38:50,248 INFO     ___FILE_ONLY___ │ 
2025-09-26 13:38:50,248 INFO     ___FILE_ONLY___ Bundled Python 3.12 (Platform Specific)            
2025-09-26 13:38:50,248 INFO     ___FILE_ONLY___  
2025-09-26 13:38:50,248 INFO     ___FILE_ONLY___ │ 
2025-09-26 13:38:50,249 INFO     ___FILE_ONLY___     3.12.9
2025-09-26 13:38:50,249 INFO     ___FILE_ONLY___  
2025-09-26 13:38:50,249 INFO     ___FILE_ONLY___ │ 
2025-09-26 13:38:50,249 INFO     ___FILE_ONLY___ 89.3 MiB
2025-09-26 13:38:50,249 INFO     ___FILE_ONLY___  
2025-09-26 13:38:50,249 INFO     ___FILE_ONLY___ │
2025-09-26 13:38:50,249 INFO     ___FILE_ONLY___ 

2025-09-26 13:38:50,249 INFO     ___FILE_ONLY___ │ 
2025-09-26 13:38:50,249 INFO     ___FILE_ONLY___ Cloud Storage Command Line Tool                    
2025-09-26 13:38:50,249 INFO     ___FILE_ONLY___  
2025-09-26 13:38:50,249 INFO     ___FILE_ONLY___ │ 
2025-09-26 13:38:50,249 INFO     ___FILE_ONLY___       5.35
2025-09-26 13:38:50,249 INFO     ___FILE_ONLY___  
2025-09-26 13:38:50,249 INFO     ___FILE_ONLY___ │ 
2025-09-26 13:38:50,249 INFO     ___FILE_ONLY___ 12.4 MiB
2025-09-26 13:38:50,249 INFO     ___FILE_ONLY___  
2025-09-26 13:38:50,249 INFO     ___FILE_ONLY___ │
2025-09-26 13:38:50,249 INFO     ___FILE_ONLY___ 

2025-09-26 13:38:50,249 INFO     ___FILE_ONLY___ │ 
2025-09-26 13:38:50,249 INFO     ___FILE_ONLY___ Cloud Storage Command Line Tool (Platform Specific)
2025-09-26 13:38:50,249 INFO     ___FILE_ONLY___  
2025-09-26 13:38:50,250 INFO     ___FILE_ONLY___ │ 
2025-09-26 13:38:50,250 INFO     ___FILE_ONLY___       5.34
2025-09-26 13:38:50,250 INFO     ___FILE_ONLY___  
2025-09-26 13:38:50,250 INFO     ___FILE_ONLY___ │ 
2025-09-26 13:38:50,250 INFO     ___FILE_ONLY___  < 1 MiB
2025-09-26 13:38:50,250 INFO     ___FILE_ONLY___  
2025-09-26 13:38:50,250 INFO     ___FILE_ONLY___ │
2025-09-26 13:38:50,250 INFO     ___FILE_ONLY___ 

2025-09-26 13:38:50,250 INFO     ___FILE_ONLY___ │ 
2025-09-26 13:38:50,250 INFO     ___FILE_ONLY___ Google Cloud CLI Core Libraries (Platform Specific)
2025-09-26 13:38:50,250 INFO     ___FILE_ONLY___  
2025-09-26 13:38:50,250 INFO     ___FILE_ONLY___ │ 
2025-09-26 13:38:50,250 INFO     ___FILE_ONLY___ 2025.05.23
2025-09-26 13:38:50,250 INFO     ___FILE_ONLY___  
2025-09-26 13:38:50,250 INFO     ___FILE_ONLY___ │ 
2025-09-26 13:38:50,250 INFO     ___FILE_ONLY___  < 1 MiB
2025-09-26 13:38:50,250 INFO     ___FILE_ONLY___  
2025-09-26 13:38:50,250 INFO     ___FILE_ONLY___ │
2025-09-26 13:38:50,250 INFO     ___FILE_ONLY___ 

2025-09-26 13:38:50,250 INFO     ___FILE_ONLY___ │ 
2025-09-26 13:38:50,250 INFO     ___FILE_ONLY___ Google Cloud CRC32C Hash Tool (Platform Specific)  
2025-09-26 13:38:50,251 INFO     ___FILE_ONLY___  
2025-09-26 13:38:50,251 INFO     ___FILE_ONLY___ │ 
2025-09-26 13:38:50,251 INFO     ___FILE_ONLY___      1.0.0
2025-09-26 13:38:50,251 INFO     ___FILE_ONLY___  
2025-09-26 13:38:50,251 INFO     ___FILE_ONLY___ │ 
2025-09-26 13:38:50,251 INFO     ___FILE_ONLY___  1.5 MiB
2025-09-26 13:38:50,251 INFO     ___FILE_ONLY___  
2025-09-26 13:38:50,251 INFO     ___FILE_ONLY___ │
2025-09-26 13:38:50,251 INFO     ___FILE_ONLY___ 

2025-09-26 13:38:50,251 INFO     ___FILE_ONLY___ │ 
2025-09-26 13:38:50,251 INFO     ___FILE_ONLY___ gcloud cli dependencies (Platform Specific)        
2025-09-26 13:38:50,251 INFO     ___FILE_ONLY___  
2025-09-26 13:38:50,251 INFO     ___FILE_ONLY___ │ 
2025-09-26 13:38:50,251 INFO     ___FILE_ONLY___ 2021.04.16
2025-09-26 13:38:50,251 INFO     ___FILE_ONLY___  
2025-09-26 13:38:50,251 INFO     ___FILE_ONLY___ │ 
2025-09-26 13:38:50,251 INFO     ___FILE_ONLY___  < 1 MiB
2025-09-26 13:38:50,251 INFO     ___FILE_ONLY___  
2025-09-26 13:38:50,251 INFO     ___FILE_ONLY___ │
2025-09-26 13:38:50,251 INFO     ___FILE_ONLY___ 

2025-09-26 13:38:50,251 INFO     ___FILE_ONLY___ └─────────────────────────────────────────────────────┴────────────┴──────────┘
2025-09-26 13:38:50,252 INFO     ___FILE_ONLY___ 

2025-09-26 13:38:50,252 INFO     ___FILE_ONLY___ 

2025-09-26 13:38:50,254 DEBUG    urllib3.connectionpool Starting new HTTPS connection (1): dl.google.com:443
2025-09-26 13:38:52,065 DEBUG    urllib3.connectionpool https://dl.google.com:443 "GET /dl/cloudsdk/channels/rapid/RELEASE_NOTES HTTP/11" 200 1487839
2025-09-26 13:38:52,578 INFO     ___FILE_ONLY___ For the latest full release notes, please visit:
  https://cloud.google.com/sdk/release_notes


2025-09-26 13:38:52,578 INFO     ___FILE_ONLY___ Performing in place update...


2025-09-26 13:38:52,581 INFO     ___FILE_ONLY___ ╔════════════════════════════════════════════════════════════╗

2025-09-26 13:38:52,581 INFO     ___FILE_ONLY___ ╠═ Downloading: BigQuery Command Line Tool                  ═╣

2025-09-26 13:38:52,581 INFO     ___FILE_ONLY___ ╚
2025-09-26 13:38:52,584 DEBUG    urllib3.connectionpool Starting new HTTPS connection (1): dl.google.com:443
2025-09-26 13:38:54,355 DEBUG    urllib3.connectionpool https://dl.google.com:443 "GET /dl/cloudsdk/channels/rapid/components/google-cloud-sdk-bq-20250905141229.tar.gz HTTP/11" 200 1860568
2025-09-26 13:38:54,367 INFO     ___FILE_ONLY___ ═
2025-09-26 13:38:54,367 INFO     ___FILE_ONLY___ ═
2025-09-26 13:38:54,367 INFO     ___FILE_ONLY___ ═
2025-09-26 13:38:54,367 INFO     ___FILE_ONLY___ ═
2025-09-26 13:38:54,367 INFO     ___FILE_ONLY___ ═
2025-09-26 13:38:54,368 INFO     ___FILE_ONLY___ ═
2025-09-26 13:38:54,368 INFO     ___FILE_ONLY___ ═
2025-09-26 13:38:54,368 INFO     ___FILE_ONLY___ ═
2025-09-26 13:38:54,368 INFO     ___FILE_ONLY___ ═
2025-09-26 13:38:54,368 INFO     ___FILE_ONLY___ ═
2025-09-26 13:38:54,368 INFO     ___FILE_ONLY___ ═
2025-09-26 13:38:54,368 INFO     ___FILE_ONLY___ ═
2025-09-26 13:38:54,368 INFO     ___FILE_ONLY___ ═
2025-09-26 13:38:54,368 INFO     ___FILE_ONLY___ ═
2025-09-26 13:38:54,368 INFO     ___FILE_ONLY___ ═
2025-09-26 13:38:54,368 INFO     ___FILE_ONLY___ ═
2025-09-26 13:38:54,369 INFO     ___FILE_ONLY___ ═
2025-09-26 13:38:54,369 INFO     ___FILE_ONLY___ ═
2025-09-26 13:38:54,369 INFO     ___FILE_ONLY___ ═
2025-09-26 13:38:54,369 INFO     ___FILE_ONLY___ ═
2025-09-26 13:38:54,369 INFO     ___FILE_ONLY___ ═
2025-09-26 13:38:54,369 INFO     ___FILE_ONLY___ ═
2025-09-26 13:38:54,369 INFO     ___FILE_ONLY___ ═
2025-09-26 13:38:54,369 INFO     ___FILE_ONLY___ ═
2025-09-26 13:38:54,369 INFO     ___FILE_ONLY___ ═
2025-09-26 13:38:54,369 INFO     ___FILE_ONLY___ ═
2025-09-26 13:38:54,369 INFO     ___FILE_ONLY___ ═
2025-09-26 13:38:54,370 INFO     ___FILE_ONLY___ ═
2025-09-26 13:38:54,370 INFO     ___FILE_ONLY___ ═
2025-09-26 13:38:54,370 INFO     ___FILE_ONLY___ ═
2025-09-26 13:38:54,370 INFO     ___FILE_ONLY___ ═
2025-09-26 13:38:54,370 INFO     ___FILE_ONLY___ ═
2025-09-26 13:38:54,370 INFO     ___FILE_ONLY___ ═
2025-09-26 13:38:54,370 INFO     ___FILE_ONLY___ ═
2025-09-26 13:38:54,370 INFO     ___FILE_ONLY___ ═
2025-09-26 13:38:54,370 INFO     ___FILE_ONLY___ ═
2025-09-26 13:38:54,370 INFO     ___FILE_ONLY___ ═
2025-09-26 13:38:54,370 INFO     ___FILE_ONLY___ ═
2025-09-26 13:38:54,371 INFO     ___FILE_ONLY___ ═
2025-09-26 13:38:54,371 INFO     ___FILE_ONLY___ ═
2025-09-26 13:38:54,371 INFO     ___FILE_ONLY___ ═
2025-09-26 13:38:54,371 INFO     ___FILE_ONLY___ ═
2025-09-26 13:38:54,371 INFO     ___FILE_ONLY___ ═
2025-09-26 13:38:54,371 INFO     ___FILE_ONLY___ ═
2025-09-26 13:38:54,371 INFO     ___FILE_ONLY___ ═
2025-09-26 13:38:54,371 INFO     ___FILE_ONLY___ ═
2025-09-26 13:38:54,371 INFO     ___FILE_ONLY___ ═
2025-09-26 13:38:54,371 INFO     ___FILE_ONLY___ ═
2025-09-26 13:38:54,371 INFO     ___FILE_ONLY___ ═
2025-09-26 13:38:54,372 INFO     ___FILE_ONLY___ ═
2025-09-26 13:38:54,372 INFO     ___FILE_ONLY___ ═
2025-09-26 13:38:54,372 INFO     ___FILE_ONLY___ ═
2025-09-26 13:38:54,372 INFO     ___FILE_ONLY___ ═
2025-09-26 13:38:54,372 INFO     ___FILE_ONLY___ ═
2025-09-26 13:38:54,372 INFO     ___FILE_ONLY___ ═
2025-09-26 13:38:54,372 INFO     ___FILE_ONLY___ ═
2025-09-26 13:38:54,372 INFO     ___FILE_ONLY___ ═
2025-09-26 13:38:54,372 INFO     ___FILE_ONLY___ ═
2025-09-26 13:38:54,372 INFO     ___FILE_ONLY___ ═
2025-09-26 13:38:54,372 INFO     ___FILE_ONLY___ ═
2025-09-26 13:38:54,372 INFO     ___FILE_ONLY___ ╝

2025-09-26 13:38:54,375 INFO     ___FILE_ONLY___ ╔════════════════════════════════════════════════════════════╗

2025-09-26 13:38:54,375 INFO     ___FILE_ONLY___ ╠═ Downloading: BigQuery Command Line Tool (Platform Spe... ═╣

2025-09-26 13:38:54,375 INFO     ___FILE_ONLY___ ╚
2025-09-26 13:38:54,378 DEBUG    urllib3.connectionpool Starting new HTTPS connection (1): dl.google.com:443
2025-09-26 13:38:55,420 DEBUG    urllib3.connectionpool https://dl.google.com:443 "GET /dl/cloudsdk/channels/rapid/components/google-cloud-sdk-bq-nix-20250523104322.tar.gz HTTP/11" 200 1935
2025-09-26 13:38:55,421 INFO     ___FILE_ONLY___ ════════════════════════════════════════════════════════════
2025-09-26 13:38:55,421 INFO     ___FILE_ONLY___ ╝

2025-09-26 13:38:55,423 INFO     ___FILE_ONLY___ ╔════════════════════════════════════════════════════════════╗

2025-09-26 13:38:55,423 INFO     ___FILE_ONLY___ ╠═ Downloading: Bundled Python 3.12                         ═╣

2025-09-26 13:38:55,423 INFO     ___FILE_ONLY___ ╚
2025-09-26 13:38:55,423 INFO     ___FILE_ONLY___ ════════════════════════════════════════════════════════════
2025-09-26 13:38:55,423 INFO     ___FILE_ONLY___ ╝

2025-09-26 13:38:55,425 INFO     ___FILE_ONLY___ ╔════════════════════════════════════════════════════════════╗

2025-09-26 13:38:55,425 INFO     ___FILE_ONLY___ ╠═ Downloading: Bundled Python 3.12 (Platform Specific)     ═╣

2025-09-26 13:38:55,425 INFO     ___FILE_ONLY___ ╚
2025-09-26 13:38:55,428 DEBUG    urllib3.connectionpool Starting new HTTPS connection (1): dl.google.com:443
2025-09-26 13:38:56,558 DEBUG    urllib3.connectionpool https://dl.google.com:443 "GET /dl/cloudsdk/channels/rapid/components/google-cloud-sdk-bundled-python3-unix-linux-x86_64-20250502143716.tar.gz HTTP/11" 200 93610468
2025-09-26 13:38:56,889 INFO     ___FILE_ONLY___ ═
2025-09-26 13:38:56,891 INFO     ___FILE_ONLY___ ═
2025-09-26 13:38:56,893 INFO     ___FILE_ONLY___ ═
2025-09-26 13:38:56,894 INFO     ___FILE_ONLY___ ═
2025-09-26 13:38:56,896 INFO     ___FILE_ONLY___ ═
2025-09-26 13:38:56,898 INFO     ___FILE_ONLY___ ═
2025-09-26 13:38:56,899 INFO     ___FILE_ONLY___ ═
2025-09-26 13:38:56,901 INFO     ___FILE_ONLY___ ═
2025-09-26 13:38:56,903 INFO     ___FILE_ONLY___ ═
2025-09-26 13:38:56,904 INFO     ___FILE_ONLY___ ═
2025-09-26 13:38:56,906 INFO     ___FILE_ONLY___ ═
2025-09-26 13:38:56,907 INFO     ___FILE_ONLY___ ═
2025-09-26 13:38:56,909 INFO     ___FILE_ONLY___ ═
2025-09-26 13:38:56,910 INFO     ___FILE_ONLY___ ═
2025-09-26 13:38:56,912 INFO     ___FILE_ONLY___ ═
2025-09-26 13:38:56,914 INFO     ___FILE_ONLY___ ═
2025-09-26 13:38:56,915 INFO     ___FILE_ONLY___ ═
2025-09-26 13:38:56,917 INFO     ___FILE_ONLY___ ═
2025-09-26 13:38:56,918 INFO     ___FILE_ONLY___ ═
2025-09-26 13:38:56,920 INFO     ___FILE_ONLY___ ═
2025-09-26 13:38:56,922 INFO     ___FILE_ONLY___ ═
2025-09-26 13:38:56,923 INFO     ___FILE_ONLY___ ═
2025-09-26 13:38:56,925 INFO     ___FILE_ONLY___ ═
2025-09-26 13:38:56,927 INFO     ___FILE_ONLY___ ═
2025-09-26 13:38:56,928 INFO     ___FILE_ONLY___ ═
2025-09-26 13:38:56,930 INFO     ___FILE_ONLY___ ═
2025-09-26 13:38:56,931 INFO     ___FILE_ONLY___ ═
2025-09-26 13:38:56,933 INFO     ___FILE_ONLY___ ═
2025-09-26 13:38:56,935 INFO     ___FILE_ONLY___ ═
2025-09-26 13:38:56,936 INFO     ___FILE_ONLY___ ═
2025-09-26 13:38:56,938 INFO     ___FILE_ONLY___ ═
2025-09-26 13:38:56,939 INFO     ___FILE_ONLY___ ═
2025-09-26 13:38:56,941 INFO     ___FILE_ONLY___ ═
2025-09-26 13:38:56,943 INFO     ___FILE_ONLY___ ═
2025-09-26 13:38:56,944 INFO     ___FILE_ONLY___ ═
2025-09-26 13:38:56,946 INFO     ___FILE_ONLY___ ═
2025-09-26 13:38:56,947 INFO     ___FILE_ONLY___ ═
2025-09-26 13:38:56,949 INFO     ___FILE_ONLY___ ═
2025-09-26 13:38:56,951 INFO     ___FILE_ONLY___ ═
2025-09-26 13:38:56,952 INFO     ___FILE_ONLY___ ═
2025-09-26 13:38:56,954 INFO     ___FILE_ONLY___ ═
2025-09-26 13:38:56,955 INFO     ___FILE_ONLY___ ═
2025-09-26 13:38:56,957 INFO     ___FILE_ONLY___ ═
2025-09-26 13:38:56,958 INFO     ___FILE_ONLY___ ═
2025-09-26 13:38:56,960 INFO     ___FILE_ONLY___ ═
2025-09-26 13:38:56,962 INFO     ___FILE_ONLY___ ═
2025-09-26 13:38:56,963 INFO     ___FILE_ONLY___ ═
2025-09-26 13:38:56,965 INFO     ___FILE_ONLY___ ═
2025-09-26 13:38:56,966 INFO     ___FILE_ONLY___ ═
2025-09-26 13:38:56,968 INFO     ___FILE_ONLY___ ═
2025-09-26 13:38:56,970 INFO     ___FILE_ONLY___ ═
2025-09-26 13:38:56,971 INFO     ___FILE_ONLY___ ═
2025-09-26 13:38:56,973 INFO     ___FILE_ONLY___ ═
2025-09-26 13:38:56,974 INFO     ___FILE_ONLY___ ═
2025-09-26 13:38:56,976 INFO     ___FILE_ONLY___ ═
2025-09-26 13:38:56,977 INFO     ___FILE_ONLY___ ═
2025-09-26 13:38:56,979 INFO     ___FILE_ONLY___ ═
2025-09-26 13:38:56,981 INFO     ___FILE_ONLY___ ═
2025-09-26 13:38:56,982 INFO     ___FILE_ONLY___ ═
2025-09-26 13:38:56,984 INFO     ___FILE_ONLY___ ═
2025-09-26 13:38:56,984 INFO     ___FILE_ONLY___ ╝

2025-09-26 13:38:56,986 INFO     ___FILE_ONLY___ ╔════════════════════════════════════════════════════════════╗

2025-09-26 13:38:56,986 INFO     ___FILE_ONLY___ ╠═ Downloading: Cloud Storage Command Line Tool             ═╣

2025-09-26 13:38:56,986 INFO     ___FILE_ONLY___ ╚
2025-09-26 13:38:56,989 DEBUG    urllib3.connectionpool Starting new HTTPS connection (1): dl.google.com:443
2025-09-26 13:38:58,790 DEBUG    urllib3.connectionpool https://dl.google.com:443 "GET /dl/cloudsdk/channels/rapid/components/google-cloud-sdk-gsutil-20250627154417.tar.gz HTTP/11" 200 12962791
2025-09-26 13:38:58,848 INFO     ___FILE_ONLY___ ═
2025-09-26 13:38:58,848 INFO     ___FILE_ONLY___ ═
2025-09-26 13:38:58,849 INFO     ___FILE_ONLY___ ═
2025-09-26 13:38:58,849 INFO     ___FILE_ONLY___ ═
2025-09-26 13:38:58,850 INFO     ___FILE_ONLY___ ═
2025-09-26 13:38:58,850 INFO     ___FILE_ONLY___ ═
2025-09-26 13:38:58,851 INFO     ___FILE_ONLY___ ═
2025-09-26 13:38:58,851 INFO     ___FILE_ONLY___ ═
2025-09-26 13:38:58,851 INFO     ___FILE_ONLY___ ═
2025-09-26 13:38:58,852 INFO     ___FILE_ONLY___ ═
2025-09-26 13:38:58,852 INFO     ___FILE_ONLY___ ═
2025-09-26 13:38:58,853 INFO     ___FILE_ONLY___ ═
2025-09-26 13:38:58,853 INFO     ___FILE_ONLY___ ═
2025-09-26 13:38:58,854 INFO     ___FILE_ONLY___ ═
2025-09-26 13:38:58,854 INFO     ___FILE_ONLY___ ═
2025-09-26 13:38:58,854 INFO     ___FILE_ONLY___ ═
2025-09-26 13:38:58,855 INFO     ___FILE_ONLY___ ═
2025-09-26 13:38:58,855 INFO     ___FILE_ONLY___ ═
2025-09-26 13:38:58,856 INFO     ___FILE_ONLY___ ═
2025-09-26 13:38:58,856 INFO     ___FILE_ONLY___ ═
2025-09-26 13:38:58,856 INFO     ___FILE_ONLY___ ═
2025-09-26 13:38:58,857 INFO     ___FILE_ONLY___ ═
2025-09-26 13:38:58,857 INFO     ___FILE_ONLY___ ═
2025-09-26 13:38:58,858 INFO     ___FILE_ONLY___ ═
2025-09-26 13:38:58,858 INFO     ___FILE_ONLY___ ═
2025-09-26 13:38:58,858 INFO     ___FILE_ONLY___ ═
2025-09-26 13:38:58,859 INFO     ___FILE_ONLY___ ═
2025-09-26 13:38:58,859 INFO     ___FILE_ONLY___ ═
2025-09-26 13:38:58,859 INFO     ___FILE_ONLY___ ═
2025-09-26 13:38:58,860 INFO     ___FILE_ONLY___ ═
2025-09-26 13:38:58,860 INFO     ___FILE_ONLY___ ═
2025-09-26 13:38:58,860 INFO     ___FILE_ONLY___ ═
2025-09-26 13:38:58,861 INFO     ___FILE_ONLY___ ═
2025-09-26 13:38:58,861 INFO     ___FILE_ONLY___ ═
2025-09-26 13:38:58,861 INFO     ___FILE_ONLY___ ═
2025-09-26 13:38:58,862 INFO     ___FILE_ONLY___ ═
2025-09-26 13:38:58,862 INFO     ___FILE_ONLY___ ═
2025-09-26 13:38:58,862 INFO     ___FILE_ONLY___ ═
2025-09-26 13:38:58,863 INFO     ___FILE_ONLY___ ═
2025-09-26 13:38:58,863 INFO     ___FILE_ONLY___ ═
2025-09-26 13:38:58,863 INFO     ___FILE_ONLY___ ═
2025-09-26 13:38:58,864 INFO     ___FILE_ONLY___ ═
2025-09-26 13:38:58,864 INFO     ___FILE_ONLY___ ═
2025-09-26 13:38:58,864 INFO     ___FILE_ONLY___ ═
2025-09-26 13:38:58,865 INFO     ___FILE_ONLY___ ═
2025-09-26 13:38:58,865 INFO     ___FILE_ONLY___ ═
2025-09-26 13:38:58,865 INFO     ___FILE_ONLY___ ═
2025-09-26 13:38:58,866 INFO     ___FILE_ONLY___ ═
2025-09-26 13:38:58,866 INFO     ___FILE_ONLY___ ═
2025-09-26 13:38:58,866 INFO     ___FILE_ONLY___ ═
2025-09-26 13:38:58,867 INFO     ___FILE_ONLY___ ═
2025-09-26 13:38:58,867 INFO     ___FILE_ONLY___ ═
2025-09-26 13:38:58,867 INFO     ___FILE_ONLY___ ═
2025-09-26 13:38:58,868 INFO     ___FILE_ONLY___ ═
2025-09-26 13:38:58,868 INFO     ___FILE_ONLY___ ═
2025-09-26 13:38:58,868 INFO     ___FILE_ONLY___ ═
2025-09-26 13:38:58,869 INFO     ___FILE_ONLY___ ═
2025-09-26 13:38:58,869 INFO     ___FILE_ONLY___ ═
2025-09-26 13:38:58,869 INFO     ___FILE_ONLY___ ═
2025-09-26 13:38:58,870 INFO     ___FILE_ONLY___ ═
2025-09-26 13:38:58,870 INFO     ___FILE_ONLY___ ╝

2025-09-26 13:38:58,872 INFO     ___FILE_ONLY___ ╔════════════════════════════════════════════════════════════╗

2025-09-26 13:38:58,872 INFO     ___FILE_ONLY___ ╠═ Downloading: Cloud Storage Command Line Tool (Platfor... ═╣

2025-09-26 13:38:58,872 INFO     ___FILE_ONLY___ ╚
2025-09-26 13:38:58,875 DEBUG    urllib3.connectionpool Starting new HTTPS connection (1): dl.google.com:443
2025-09-26 13:39:00,027 DEBUG    urllib3.connectionpool https://dl.google.com:443 "GET /dl/cloudsdk/channels/rapid/components/google-cloud-sdk-gsutil-nix-20250523104322.tar.gz HTTP/11" 200 1950
2025-09-26 13:39:00,028 INFO     ___FILE_ONLY___ ════════════════════════════════════════════════════════════
2025-09-26 13:39:00,028 INFO     ___FILE_ONLY___ ╝

2025-09-26 13:39:00,030 INFO     ___FILE_ONLY___ ╔════════════════════════════════════════════════════════════╗

2025-09-26 13:39:00,030 INFO     ___FILE_ONLY___ ╠═ Downloading: Default set of gcloud commands              ═╣

2025-09-26 13:39:00,031 INFO     ___FILE_ONLY___ ╚
2025-09-26 13:39:00,031 INFO     ___FILE_ONLY___ ════════════════════════════════════════════════════════════
2025-09-26 13:39:00,031 INFO     ___FILE_ONLY___ ╝

2025-09-26 13:39:00,033 INFO     ___FILE_ONLY___ ╔════════════════════════════════════════════════════════════╗

2025-09-26 13:39:00,033 INFO     ___FILE_ONLY___ ╠═ Downloading: Google Cloud CLI Core Libraries (Platfor... ═╣

2025-09-26 13:39:00,033 INFO     ___FILE_ONLY___ ╚
2025-09-26 13:39:00,035 DEBUG    urllib3.connectionpool Starting new HTTPS connection (1): dl.google.com:443
2025-09-26 13:39:01,189 DEBUG    urllib3.connectionpool https://dl.google.com:443 "GET /dl/cloudsdk/channels/rapid/components/google-cloud-sdk-core-nix-20250523104322.tar.gz HTTP/11" 200 2325
2025-09-26 13:39:01,189 INFO     ___FILE_ONLY___ ════════════════════════════════════════════════════════════
2025-09-26 13:39:01,189 INFO     ___FILE_ONLY___ ╝

2025-09-26 13:39:01,191 INFO     ___FILE_ONLY___ ╔════════════════════════════════════════════════════════════╗

2025-09-26 13:39:01,192 INFO     ___FILE_ONLY___ ╠═ Downloading: Google Cloud CRC32C Hash Tool               ═╣

2025-09-26 13:39:01,192 INFO     ___FILE_ONLY___ ╚
2025-09-26 13:39:01,192 INFO     ___FILE_ONLY___ ════════════════════════════════════════════════════════════
2025-09-26 13:39:01,192 INFO     ___FILE_ONLY___ ╝

2025-09-26 13:39:01,194 INFO     ___FILE_ONLY___ ╔════════════════════════════════════════════════════════════╗

2025-09-26 13:39:01,194 INFO     ___FILE_ONLY___ ╠═ Downloading: Google Cloud CRC32C Hash Tool (Platform ... ═╣

2025-09-26 13:39:01,194 INFO     ___FILE_ONLY___ ╚
2025-09-26 13:39:01,197 DEBUG    urllib3.connectionpool Starting new HTTPS connection (1): dl.google.com:443
2025-09-26 13:39:02,297 DEBUG    urllib3.connectionpool https://dl.google.com:443 "GET /dl/cloudsdk/channels/rapid/components/google-cloud-sdk-gcloud-crc32c-linux-x86_64-20250613150750.tar.gz HTTP/11" 200 1525557
2025-09-26 13:39:02,311 INFO     ___FILE_ONLY___ ═
2025-09-26 13:39:02,311 INFO     ___FILE_ONLY___ ═
2025-09-26 13:39:02,311 INFO     ___FILE_ONLY___ ═
2025-09-26 13:39:02,311 INFO     ___FILE_ONLY___ ═
2025-09-26 13:39:02,312 INFO     ___FILE_ONLY___ ═
2025-09-26 13:39:02,312 INFO     ___FILE_ONLY___ ═
2025-09-26 13:39:02,312 INFO     ___FILE_ONLY___ ═
2025-09-26 13:39:02,312 INFO     ___FILE_ONLY___ ═
2025-09-26 13:39:02,312 INFO     ___FILE_ONLY___ ═
2025-09-26 13:39:02,312 INFO     ___FILE_ONLY___ ═
2025-09-26 13:39:02,312 INFO     ___FILE_ONLY___ ═
2025-09-26 13:39:02,313 INFO     ___FILE_ONLY___ ═
2025-09-26 13:39:02,313 INFO     ___FILE_ONLY___ ═
2025-09-26 13:39:02,313 INFO     ___FILE_ONLY___ ═
2025-09-26 13:39:02,313 INFO     ___FILE_ONLY___ ═
2025-09-26 13:39:02,313 INFO     ___FILE_ONLY___ ═
2025-09-26 13:39:02,313 INFO     ___FILE_ONLY___ ═
2025-09-26 13:39:02,314 INFO     ___FILE_ONLY___ ═
2025-09-26 13:39:02,314 INFO     ___FILE_ONLY___ ═
2025-09-26 13:39:02,314 INFO     ___FILE_ONLY___ ═
2025-09-26 13:39:02,314 INFO     ___FILE_ONLY___ ═
2025-09-26 13:39:02,314 INFO     ___FILE_ONLY___ ═
2025-09-26 13:39:02,314 INFO     ___FILE_ONLY___ ═
2025-09-26 13:39:02,314 INFO     ___FILE_ONLY___ ═
2025-09-26 13:39:02,314 INFO     ___FILE_ONLY___ ═
2025-09-26 13:39:02,315 INFO     ___FILE_ONLY___ ═
2025-09-26 13:39:02,315 INFO     ___FILE_ONLY___ ═
2025-09-26 13:39:02,315 INFO     ___FILE_ONLY___ ═
2025-09-26 13:39:02,315 INFO     ___FILE_ONLY___ ═
2025-09-26 13:39:02,315 INFO     ___FILE_ONLY___ ═
2025-09-26 13:39:02,315 INFO     ___FILE_ONLY___ ═
2025-09-26 13:39:02,315 INFO     ___FILE_ONLY___ ═
2025-09-26 13:39:02,315 INFO     ___FILE_ONLY___ ═
2025-09-26 13:39:02,316 INFO     ___FILE_ONLY___ ═
2025-09-26 13:39:02,316 INFO     ___FILE_ONLY___ ═
2025-09-26 13:39:02,316 INFO     ___FILE_ONLY___ ═
2025-09-26 13:39:02,316 INFO     ___FILE_ONLY___ ═
2025-09-26 13:39:02,316 INFO     ___FILE_ONLY___ ═
2025-09-26 13:39:02,316 INFO     ___FILE_ONLY___ ═
2025-09-26 13:39:02,316 INFO     ___FILE_ONLY___ ═
2025-09-26 13:39:02,316 INFO     ___FILE_ONLY___ ═
2025-09-26 13:39:02,316 INFO     ___FILE_ONLY___ ═
2025-09-26 13:39:02,317 INFO     ___FILE_ONLY___ ═
2025-09-26 13:39:02,317 INFO     ___FILE_ONLY___ ═
2025-09-26 13:39:02,317 INFO     ___FILE_ONLY___ ═
2025-09-26 13:39:02,317 INFO     ___FILE_ONLY___ ═
2025-09-26 13:39:02,317 INFO     ___FILE_ONLY___ ═
2025-09-26 13:39:02,317 INFO     ___FILE_ONLY___ ═
2025-09-26 13:39:02,317 INFO     ___FILE_ONLY___ ═
2025-09-26 13:39:02,317 INFO     ___FILE_ONLY___ ═
2025-09-26 13:39:02,317 INFO     ___FILE_ONLY___ ═
2025-09-26 13:39:02,318 INFO     ___FILE_ONLY___ ═
2025-09-26 13:39:02,318 INFO     ___FILE_ONLY___ ═
2025-09-26 13:39:02,318 INFO     ___FILE_ONLY___ ═
2025-09-26 13:39:02,318 INFO     ___FILE_ONLY___ ═
2025-09-26 13:39:02,318 INFO     ___FILE_ONLY___ ═
2025-09-26 13:39:02,318 INFO     ___FILE_ONLY___ ═
2025-09-26 13:39:02,318 INFO     ___FILE_ONLY___ ═
2025-09-26 13:39:02,318 INFO     ___FILE_ONLY___ ═
2025-09-26 13:39:02,318 INFO     ___FILE_ONLY___ ═
2025-09-26 13:39:02,319 INFO     ___FILE_ONLY___ ╝

2025-09-26 13:39:02,321 INFO     ___FILE_ONLY___ ╔════════════════════════════════════════════════════════════╗

2025-09-26 13:39:02,321 INFO     ___FILE_ONLY___ ╠═ Downloading: gcloud cli dependencies (Platform Specific) ═╣

2025-09-26 13:39:02,321 INFO     ___FILE_ONLY___ ╚
2025-09-26 13:39:02,323 DEBUG    urllib3.connectionpool Starting new HTTPS connection (1): dl.google.com:443
2025-09-26 13:39:03,429 DEBUG    urllib3.connectionpool https://dl.google.com:443 "GET /dl/cloudsdk/channels/rapid/components/google-cloud-sdk-gcloud-deps-linux-x86_64-20210416153011.tar.gz HTTP/11" 200 104
2025-09-26 13:39:03,430 INFO     ___FILE_ONLY___ ════════════════════════════════════════════════════════════
2025-09-26 13:39:03,430 INFO     ___FILE_ONLY___ ╝

2025-09-26 13:39:03,432 INFO     ___FILE_ONLY___ ╔════════════════════════════════════════════════════════════╗

2025-09-26 13:39:03,432 INFO     ___FILE_ONLY___ ╠═ Installing: BigQuery Command Line Tool                   ═╣

2025-09-26 13:39:03,432 INFO     ___FILE_ONLY___ ╚
2025-09-26 13:39:03,525 INFO     ___FILE_ONLY___ ═
2025-09-26 13:39:03,527 INFO     ___FILE_ONLY___ ═
2025-09-26 13:39:03,530 INFO     ___FILE_ONLY___ ═
2025-09-26 13:39:03,532 INFO     ___FILE_ONLY___ ═
2025-09-26 13:39:03,534 INFO     ___FILE_ONLY___ ═
2025-09-26 13:39:03,537 INFO     ___FILE_ONLY___ ═
2025-09-26 13:39:03,539 INFO     ___FILE_ONLY___ ═
2025-09-26 13:39:03,541 INFO     ___FILE_ONLY___ ═
2025-09-26 13:39:03,543 INFO     ___FILE_ONLY___ ═
2025-09-26 13:39:03,546 INFO     ___FILE_ONLY___ ═
2025-09-26 13:39:03,548 INFO     ___FILE_ONLY___ ═
2025-09-26 13:39:03,550 INFO     ___FILE_ONLY___ ═
2025-09-26 13:39:03,552 INFO     ___FILE_ONLY___ ═
2025-09-26 13:39:03,554 INFO     ___FILE_ONLY___ ═
2025-09-26 13:39:03,556 INFO     ___FILE_ONLY___ ═
2025-09-26 13:39:03,559 INFO     ___FILE_ONLY___ ═
2025-09-26 13:39:03,561 INFO     ___FILE_ONLY___ ═
2025-09-26 13:39:03,563 INFO     ___FILE_ONLY___ ═
2025-09-26 13:39:03,565 INFO     ___FILE_ONLY___ ═
2025-09-26 13:39:03,569 INFO     ___FILE_ONLY___ ═
2025-09-26 13:39:03,571 INFO     ___FILE_ONLY___ ═
2025-09-26 13:39:03,573 INFO     ___FILE_ONLY___ ═
2025-09-26 13:39:03,576 INFO     ___FILE_ONLY___ ═
2025-09-26 13:39:03,578 INFO     ___FILE_ONLY___ ═
2025-09-26 13:39:03,579 INFO     ___FILE_ONLY___ ═
2025-09-26 13:39:03,581 INFO     ___FILE_ONLY___ ═
2025-09-26 13:39:03,583 INFO     ___FILE_ONLY___ ═
2025-09-26 13:39:03,585 INFO     ___FILE_ONLY___ ═
2025-09-26 13:39:03,587 INFO     ___FILE_ONLY___ ═
2025-09-26 13:39:03,591 INFO     ___FILE_ONLY___ ═
2025-09-26 13:39:03,593 INFO     ___FILE_ONLY___ ═
2025-09-26 13:39:03,595 INFO     ___FILE_ONLY___ ═
2025-09-26 13:39:03,597 INFO     ___FILE_ONLY___ ═
2025-09-26 13:39:03,600 INFO     ___FILE_ONLY___ ═
2025-09-26 13:39:03,603 INFO     ___FILE_ONLY___ ═
2025-09-26 13:39:03,610 INFO     ___FILE_ONLY___ ═
2025-09-26 13:39:03,615 INFO     ___FILE_ONLY___ ═
2025-09-26 13:39:03,619 INFO     ___FILE_ONLY___ ═
2025-09-26 13:39:03,622 INFO     ___FILE_ONLY___ ═
2025-09-26 13:39:03,624 INFO     ___FILE_ONLY___ ═
2025-09-26 13:39:03,626 INFO     ___FILE_ONLY___ ═
2025-09-26 13:39:03,628 INFO     ___FILE_ONLY___ ═
2025-09-26 13:39:03,632 INFO     ___FILE_ONLY___ ═
2025-09-26 13:39:03,635 INFO     ___FILE_ONLY___ ═
2025-09-26 13:39:03,637 INFO     ___FILE_ONLY___ ═
2025-09-26 13:39:03,639 INFO     ___FILE_ONLY___ ═
2025-09-26 13:39:03,641 INFO     ___FILE_ONLY___ ═
2025-09-26 13:39:03,643 INFO     ___FILE_ONLY___ ═
2025-09-26 13:39:03,645 INFO     ___FILE_ONLY___ ═
2025-09-26 13:39:03,647 INFO     ___FILE_ONLY___ ═
2025-09-26 13:39:03,649 INFO     ___FILE_ONLY___ ═
2025-09-26 13:39:03,652 INFO     ___FILE_ONLY___ ═
2025-09-26 13:39:03,654 INFO     ___FILE_ONLY___ ═
2025-09-26 13:39:03,656 INFO     ___FILE_ONLY___ ═
2025-09-26 13:39:03,658 INFO     ___FILE_ONLY___ ═
2025-09-26 13:39:03,660 INFO     ___FILE_ONLY___ ═
2025-09-26 13:39:03,662 INFO     ___FILE_ONLY___ ═
2025-09-26 13:39:03,664 INFO     ___FILE_ONLY___ ═
2025-09-26 13:39:03,665 INFO     ___FILE_ONLY___ ═
2025-09-26 13:39:03,668 INFO     ___FILE_ONLY___ ═
2025-09-26 13:39:03,668 INFO     ___FILE_ONLY___ ╝

2025-09-26 13:39:03,675 INFO     ___FILE_ONLY___ ╔════════════════════════════════════════════════════════════╗

2025-09-26 13:39:03,676 INFO     ___FILE_ONLY___ ╠═ Installing: BigQuery Command Line Tool (Platform Spec... ═╣

2025-09-26 13:39:03,676 INFO     ___FILE_ONLY___ ╚
2025-09-26 13:39:03,677 INFO     ___FILE_ONLY___ ════════════════════════════════════════════════════════════
2025-09-26 13:39:03,677 INFO     ___FILE_ONLY___ ╝

2025-09-26 13:39:03,681 INFO     ___FILE_ONLY___ ╔════════════════════════════════════════════════════════════╗

2025-09-26 13:39:03,681 INFO     ___FILE_ONLY___ ╠═ Installing: Bundled Python 3.12                          ═╣

2025-09-26 13:39:03,681 INFO     ___FILE_ONLY___ ╚
2025-09-26 13:39:03,683 INFO     ___FILE_ONLY___ ════════════════════════════════════════════════════════════
2025-09-26 13:39:03,684 INFO     ___FILE_ONLY___ ╝

2025-09-26 13:39:03,685 INFO     ___FILE_ONLY___ ╔════════════════════════════════════════════════════════════╗

2025-09-26 13:39:03,685 INFO     ___FILE_ONLY___ ╠═ Installing: Bundled Python 3.12 (Platform Specific)      ═╣

2025-09-26 13:39:03,685 INFO     ___FILE_ONLY___ ╚
2025-09-26 13:39:05,820 INFO     ___FILE_ONLY___ ═
2025-09-26 13:39:05,831 INFO     ___FILE_ONLY___ ═
2025-09-26 13:39:05,843 INFO     ___FILE_ONLY___ ═
2025-09-26 13:39:05,855 INFO     ___FILE_ONLY___ ═
2025-09-26 13:39:05,867 INFO     ___FILE_ONLY___ ═
2025-09-26 13:39:05,879 INFO     ___FILE_ONLY___ ═
2025-09-26 13:39:05,891 INFO     ___FILE_ONLY___ ═
2025-09-26 13:39:05,903 INFO     ___FILE_ONLY___ ═
2025-09-26 13:39:05,915 INFO     ___FILE_ONLY___ ═
2025-09-26 13:39:05,927 INFO     ___FILE_ONLY___ ═
2025-09-26 13:39:05,938 INFO     ___FILE_ONLY___ ═
2025-09-26 13:39:05,950 INFO     ___FILE_ONLY___ ═
2025-09-26 13:39:05,962 INFO     ___FILE_ONLY___ ═
2025-09-26 13:39:05,974 INFO     ___FILE_ONLY___ ═
2025-09-26 13:39:05,987 INFO     ___FILE_ONLY___ ═
2025-09-26 13:39:05,998 INFO     ___FILE_ONLY___ ═
2025-09-26 13:39:06,011 INFO     ___FILE_ONLY___ ═
2025-09-26 13:39:06,023 INFO     ___FILE_ONLY___ ═
2025-09-26 13:39:06,034 INFO     ___FILE_ONLY___ ═
2025-09-26 13:39:06,046 INFO     ___FILE_ONLY___ ═
2025-09-26 13:39:06,058 INFO     ___FILE_ONLY___ ═
2025-09-26 13:39:06,070 INFO     ___FILE_ONLY___ ═
2025-09-26 13:39:06,082 INFO     ___FILE_ONLY___ ═
2025-09-26 13:39:06,094 INFO     ___FILE_ONLY___ ═
2025-09-26 13:39:06,106 INFO     ___FILE_ONLY___ ═
2025-09-26 13:39:06,118 INFO     ___FILE_ONLY___ ═
2025-09-26 13:39:06,130 INFO     ___FILE_ONLY___ ═
2025-09-26 13:39:06,141 INFO     ___FILE_ONLY___ ═
2025-09-26 13:39:06,154 INFO     ___FILE_ONLY___ ═
2025-09-26 13:39:06,165 INFO     ___FILE_ONLY___ ═
2025-09-26 13:39:06,177 INFO     ___FILE_ONLY___ ═
2025-09-26 13:39:06,189 INFO     ___FILE_ONLY___ ═
2025-09-26 13:39:06,201 INFO     ___FILE_ONLY___ ═
2025-09-26 13:39:06,214 INFO     ___FILE_ONLY___ ═
2025-09-26 13:39:06,230 INFO     ___FILE_ONLY___ ═
2025-09-26 13:39:06,245 INFO     ___FILE_ONLY___ ═
2025-09-26 13:39:07,064 INFO     ___FILE_ONLY___ ═
2025-09-26 13:39:07,087 INFO     ___FILE_ONLY___ ═
2025-09-26 13:39:07,559 INFO     ___FILE_ONLY___ ═
2025-09-26 13:39:07,577 INFO     ___FILE_ONLY___ ═
2025-09-26 13:39:07,598 INFO     ___FILE_ONLY___ ═
2025-09-26 13:39:07,623 INFO     ___FILE_ONLY___ ═
2025-09-26 13:39:07,641 INFO     ___FILE_ONLY___ ═
2025-09-26 13:39:07,667 INFO     ___FILE_ONLY___ ═
2025-09-26 13:39:07,687 INFO     ___FILE_ONLY___ ═
2025-09-26 13:39:07,705 INFO     ___FILE_ONLY___ ═
2025-09-26 13:39:07,721 INFO     ___FILE_ONLY___ ═
2025-09-26 13:39:07,737 INFO     ___FILE_ONLY___ ═
2025-09-26 13:39:07,822 INFO     ___FILE_ONLY___ ═
2025-09-26 13:39:07,840 INFO     ___FILE_ONLY___ ═
2025-09-26 13:39:07,973 INFO     ___FILE_ONLY___ ═
2025-09-26 13:39:07,989 INFO     ___FILE_ONLY___ ═
2025-09-26 13:39:08,005 INFO     ___FILE_ONLY___ ═
2025-09-26 13:39:08,022 INFO     ___FILE_ONLY___ ═
2025-09-26 13:39:08,036 INFO     ___FILE_ONLY___ ═
2025-09-26 13:39:08,054 INFO     ___FILE_ONLY___ ═
2025-09-26 13:39:08,070 INFO     ___FILE_ONLY___ ═
2025-09-26 13:39:08,086 INFO     ___FILE_ONLY___ ═
2025-09-26 13:39:08,113 INFO     ___FILE_ONLY___ ═
2025-09-26 13:39:08,571 INFO     ___FILE_ONLY___ ═
2025-09-26 13:39:08,571 INFO     ___FILE_ONLY___ ╝

2025-09-26 13:39:08,622 INFO     ___FILE_ONLY___ ╔════════════════════════════════════════════════════════════╗

2025-09-26 13:39:08,622 INFO     ___FILE_ONLY___ ╠═ Installing: Cloud Storage Command Line Tool              ═╣

2025-09-26 13:39:08,622 INFO     ___FILE_ONLY___ ╚
2025-09-26 13:39:09,217 INFO     ___FILE_ONLY___ ═
2025-09-26 13:39:09,232 INFO     ___FILE_ONLY___ ═
2025-09-26 13:39:09,247 INFO     ___FILE_ONLY___ ═
2025-09-26 13:39:09,260 INFO     ___FILE_ONLY___ ═
2025-09-26 13:39:09,273 INFO     ___FILE_ONLY___ ═
2025-09-26 13:39:09,307 INFO     ___FILE_ONLY___ ═
2025-09-26 13:39:09,319 INFO     ___FILE_ONLY___ ═
2025-09-26 13:39:09,334 INFO     ___FILE_ONLY___ ═
2025-09-26 13:39:09,351 INFO     ___FILE_ONLY___ ═
2025-09-26 13:39:09,367 INFO     ___FILE_ONLY___ ═
2025-09-26 13:39:09,384 INFO     ___FILE_ONLY___ ═
2025-09-26 13:39:09,395 INFO     ___FILE_ONLY___ ═
2025-09-26 13:39:09,407 INFO     ___FILE_ONLY___ ═
2025-09-26 13:39:09,415 INFO     ___FILE_ONLY___ ═
2025-09-26 13:39:09,425 INFO     ___FILE_ONLY___ ═
2025-09-26 13:39:09,442 INFO     ___FILE_ONLY___ ═
2025-09-26 13:39:09,455 INFO     ___FILE_ONLY___ ═
2025-09-26 13:39:09,464 INFO     ___FILE_ONLY___ ═
2025-09-26 13:39:09,476 INFO     ___FILE_ONLY___ ═
2025-09-26 13:39:09,487 INFO     ___FILE_ONLY___ ═
2025-09-26 13:39:09,496 INFO     ___FILE_ONLY___ ═
2025-09-26 13:39:09,509 INFO     ___FILE_ONLY___ ═
2025-09-26 13:39:09,520 INFO     ___FILE_ONLY___ ═
2025-09-26 13:39:09,530 INFO     ___FILE_ONLY___ ═
2025-09-26 13:39:09,541 INFO     ___FILE_ONLY___ ═
2025-09-26 13:39:09,550 INFO     ___FILE_ONLY___ ═
2025-09-26 13:39:09,561 INFO     ___FILE_ONLY___ ═
2025-09-26 13:39:09,574 INFO     ___FILE_ONLY___ ═
2025-09-26 13:39:09,590 INFO     ___FILE_ONLY___ ═
2025-09-26 13:39:09,602 INFO     ___FILE_ONLY___ ═
2025-09-26 13:39:09,615 INFO     ___FILE_ONLY___ ═
2025-09-26 13:39:09,636 INFO     ___FILE_ONLY___ ═
2025-09-26 13:39:09,656 INFO     ___FILE_ONLY___ ═
2025-09-26 13:39:09,675 INFO     ___FILE_ONLY___ ═
2025-09-26 13:39:09,689 INFO     ___FILE_ONLY___ ═
2025-09-26 13:39:09,706 INFO     ___FILE_ONLY___ ═
2025-09-26 13:39:09,716 INFO     ___FILE_ONLY___ ═
2025-09-26 13:39:09,727 INFO     ___FILE_ONLY___ ═
2025-09-26 13:39:09,762 INFO     ___FILE_ONLY___ ═
2025-09-26 13:39:09,776 INFO     ___FILE_ONLY___ ═
2025-09-26 13:39:09,787 INFO     ___FILE_ONLY___ ═
2025-09-26 13:39:09,797 INFO     ___FILE_ONLY___ ═
2025-09-26 13:39:09,807 INFO     ___FILE_ONLY___ ═
2025-09-26 13:39:09,817 INFO     ___FILE_ONLY___ ═
2025-09-26 13:39:09,828 INFO     ___FILE_ONLY___ ═
2025-09-26 13:39:09,838 INFO     ___FILE_ONLY___ ═
2025-09-26 13:39:09,847 INFO     ___FILE_ONLY___ ═
2025-09-26 13:39:09,856 INFO     ___FILE_ONLY___ ═
2025-09-26 13:39:09,866 INFO     ___FILE_ONLY___ ═
2025-09-26 13:39:09,879 INFO     ___FILE_ONLY___ ═
2025-09-26 13:39:09,893 INFO     ___FILE_ONLY___ ═
2025-09-26 13:39:09,905 INFO     ___FILE_ONLY___ ═
2025-09-26 13:39:09,918 INFO     ___FILE_ONLY___ ═
2025-09-26 13:39:09,931 INFO     ___FILE_ONLY___ ═
2025-09-26 13:39:09,943 INFO     ___FILE_ONLY___ ═
2025-09-26 13:39:09,958 INFO     ___FILE_ONLY___ ═
2025-09-26 13:39:09,974 INFO     ___FILE_ONLY___ ═
2025-09-26 13:39:09,994 INFO     ___FILE_ONLY___ ═
2025-09-26 13:39:10,011 INFO     ___FILE_ONLY___ ═
2025-09-26 13:39:10,029 INFO     ___FILE_ONLY___ ═
2025-09-26 13:39:10,029 INFO     ___FILE_ONLY___ ╝

2025-09-26 13:39:10,059 INFO     ___FILE_ONLY___ ╔════════════════════════════════════════════════════════════╗

2025-09-26 13:39:10,059 INFO     ___FILE_ONLY___ ╠═ Installing: Cloud Storage Command Line Tool (Platform... ═╣

2025-09-26 13:39:10,059 INFO     ___FILE_ONLY___ ╚
2025-09-26 13:39:10,060 INFO     ___FILE_ONLY___ ════════════════════════════════════════════════════════════
2025-09-26 13:39:10,060 INFO     ___FILE_ONLY___ ╝

2025-09-26 13:39:10,064 INFO     ___FILE_ONLY___ ╔════════════════════════════════════════════════════════════╗

2025-09-26 13:39:10,064 INFO     ___FILE_ONLY___ ╠═ Installing: Default set of gcloud commands               ═╣

2025-09-26 13:39:10,064 INFO     ___FILE_ONLY___ ╚
2025-09-26 13:39:10,067 INFO     ___FILE_ONLY___ ════════════════════════════════════════════════════════════
2025-09-26 13:39:10,067 INFO     ___FILE_ONLY___ ╝

2025-09-26 13:39:10,069 INFO     ___FILE_ONLY___ ╔════════════════════════════════════════════════════════════╗

2025-09-26 13:39:10,069 INFO     ___FILE_ONLY___ ╠═ Installing: Google Cloud CLI Core Libraries (Platform... ═╣

2025-09-26 13:39:10,069 INFO     ___FILE_ONLY___ ╚
2025-09-26 13:39:10,070 INFO     ___FILE_ONLY___ ══════════════════════════════
2025-09-26 13:39:10,070 INFO     ___FILE_ONLY___ ══════════════════════════════
2025-09-26 13:39:10,070 INFO     ___FILE_ONLY___ ╝

2025-09-26 13:39:10,075 INFO     ___FILE_ONLY___ ╔════════════════════════════════════════════════════════════╗

2025-09-26 13:39:10,075 INFO     ___FILE_ONLY___ ╠═ Installing: Google Cloud CRC32C Hash Tool                ═╣

2025-09-26 13:39:10,075 INFO     ___FILE_ONLY___ ╚
2025-09-26 13:39:10,077 INFO     ___FILE_ONLY___ ════════════════════════════════════════════════════════════
2025-09-26 13:39:10,077 INFO     ___FILE_ONLY___ ╝

2025-09-26 13:39:10,079 INFO     ___FILE_ONLY___ ╔════════════════════════════════════════════════════════════╗

2025-09-26 13:39:10,079 INFO     ___FILE_ONLY___ ╠═ Installing: Google Cloud CRC32C Hash Tool (Platform S... ═╣

2025-09-26 13:39:10,079 INFO     ___FILE_ONLY___ ╚
2025-09-26 13:39:10,116 INFO     ___FILE_ONLY___ ══════════════════════════════
2025-09-26 13:39:10,117 INFO     ___FILE_ONLY___ ══════════════════════════════
2025-09-26 13:39:10,117 INFO     ___FILE_ONLY___ ╝

2025-09-26 13:39:10,121 INFO     ___FILE_ONLY___ ╔════════════════════════════════════════════════════════════╗

2025-09-26 13:39:10,121 INFO     ___FILE_ONLY___ ╠═ Installing: gcloud cli dependencies (Platform Specific)  ═╣

2025-09-26 13:39:10,122 INFO     ___FILE_ONLY___ ╚
2025-09-26 13:39:10,122 INFO     ___FILE_ONLY___ ════════════════════════════════════════════════════════════
2025-09-26 13:39:10,122 INFO     ___FILE_ONLY___ ╝

2025-09-26 13:39:10,127 DEBUG    root            Updating notification cache...
2025-09-26 13:39:10,127 INFO     ___FILE_ONLY___ 

2025-09-26 13:39:10,129 INFO     ___FILE_ONLY___ Performing post processing steps...
2025-09-26 13:39:10,130 DEBUG    root            Executing command: ['/tools/google-cloud-sdk/bin/gcloud', 'components', 'post-process']
2025-09-26 13:39:18,379 DEBUG    ___FILE_ONLY___ 
2025-09-26 13:39:18,379 DEBUG    ___FILE_ONLY___ 
2025-09-26 13:39:18,398 INFO     root            descriptor_list: [{'universeDomain': 'googleapis.com', 'universeShortName': '', 'authenticationDomain': 'auth.cloud.google.com', 'projectPrefix': '', 'cloudWebDomain': 'cloud.google.com', 'documentationDomain': 'cloud.google.com', 'version': '1.0.0', 'state': 'primary', 'artifactRegistryDomain': 'pkg.dev'}]
2025-09-26 13:39:18,398 INFO     ___FILE_ONLY___ 
Update done!


2025-09-26 13:39:18,401 DEBUG    root            Chosen display Format:none
2025-09-26 13:39:18,402 INFO     root            Display format: "none"
